Determining if the pthread_create exist failed with the following output:
Change Dir: /home/eliad1998/Documents/אוניברסיטה/תכנות מתקדם 1/תרגילי בית/תרגיל 3/ReversiTests/cmake-build-debug/CMakeFiles/CMakeTmp

Run Build Command:"/usr/bin/make" "cmTC_6b4d6/fast"
/usr/bin/make -f CMakeFiles/cmTC_6b4d6.dir/build.make CMakeFiles/cmTC_6b4d6.dir/build
make[1]: Entering directory '/home/eliad1998/Documents/אוניברסיטה/תכנות מתקדם 1/תרגילי בית/תרגיל 3/ReversiTests/cmake-build-debug/CMakeFiles/CMakeTmp'
Building C object CMakeFiles/cmTC_6b4d6.dir/CheckSymbolExists.c.o
/usr/bin/cc    -o CMakeFiles/cmTC_6b4d6.dir/CheckSymbolExists.c.o   -c "/home/eliad1998/Documents/אוניברסיטה/תכנות מתקדם 1/תרגילי בית/תרגיל 3/ReversiTests/cmake-build-debug/CMakeFiles/CMakeTmp/CheckSymbolExists.c"
Linking C executable cmTC_6b4d6
/home/eliad1998/clion-2017.2.3/bin/cmake/bin/cmake -E cmake_link_script CMakeFiles/cmTC_6b4d6.dir/link.txt --verbose=1
/usr/bin/cc      -rdynamic CMakeFiles/cmTC_6b4d6.dir/CheckSymbolExists.c.o  -o cmTC_6b4d6 
CMakeFiles/cmTC_6b4d6.dir/CheckSymbolExists.c.o: In function `main':
CheckSymbolExists.c:(.text+0x16): undefined reference to `pthread_create'
collect2: error: ld returned 1 exit status
CMakeFiles/cmTC_6b4d6.dir/build.make:97: recipe for target 'cmTC_6b4d6' failed
make[1]: *** [cmTC_6b4d6] Error 1
make[1]: Leaving directory '/home/eliad1998/Documents/אוניברסיטה/תכנות מתקדם 1/תרגילי בית/תרגיל 3/ReversiTests/cmake-build-debug/CMakeFiles/CMakeTmp'
Makefile:126: recipe for target 'cmTC_6b4d6/fast' failed
make: *** [cmTC_6b4d6/fast] Error 2

File /home/eliad1998/Documents/אוניברסיטה/תכנות מתקדם 1/תרגילי בית/תרגיל 3/ReversiTests/cmake-build-debug/CMakeFiles/CMakeTmp/CheckSymbolExists.c:
/* */
#include <pthread.h>

int main(int argc, char** argv)
{
  (void)argv;
#ifndef pthread_create
  return ((int*)(&pthread_create))[argc];
#else
  (void)argc;
  return 0;
#endif
}

Determining if the function pthread_create exists in the pthreads failed with the following output:
Change Dir: /home/eliad1998/Documents/אוניברסיטה/תכנות מתקדם 1/תרגילי בית/תרגיל 3/ReversiTests/cmake-build-debug/CMakeFiles/CMakeTmp

Run Build Command:"/usr/bin/make" "cmTC_e3d64/fast"
/usr/bin/make -f CMakeFiles/cmTC_e3d64.dir/build.make CMakeFiles/cmTC_e3d64.dir/build
make[1]: Entering directory '/home/eliad1998/Documents/אוניברסיטה/תכנות מתקדם 1/תרגילי בית/תרגיל 3/ReversiTests/cmake-build-debug/CMakeFiles/CMakeTmp'
Building C object CMakeFiles/cmTC_e3d64.dir/CheckFunctionExists.c.o
/usr/bin/cc   -DCHECK_FUNCTION_EXISTS=pthread_create   -o CMakeFiles/cmTC_e3d64.dir/CheckFunctionExists.c.o   -c /home/eliad1998/clion-2017.2.3/bin/cmake/share/cmake-3.8/Modules/CheckFunctionExists.c
Linking C executable cmTC_e3d64
/home/eliad1998/clion-2017.2.3/bin/cmake/bin/cmake -E cmake_link_script CMakeFiles/cmTC_e3d64.dir/link.txt --verbose=1
/usr/bin/cc  -DCHECK_FUNCTION_EXISTS=pthread_create    -rdynamic CMakeFiles/cmTC_e3d64.dir/CheckFunctionExists.c.o  -o cmTC_e3d64 -lpthreads 
/usr/bin/ld: cannot find -lpthreads
collect2: error: ld returned 1 exit status
CMakeFiles/cmTC_e3d64.dir/build.make:97: recipe for target 'cmTC_e3d64' failed
make[1]: *** [cmTC_e3d64] Error 1
make[1]: Leaving directory '/home/eliad1998/Documents/אוניברסיטה/תכנות מתקדם 1/תרגילי בית/תרגיל 3/ReversiTests/cmake-build-debug/CMakeFiles/CMakeTmp'
Makefile:126: recipe for target 'cmTC_e3d64/fast' failed
make: *** [cmTC_e3d64/fast] Error 2


